[    0.000000] Linux version 4.15.0-212-generic (buildd@lcy02-amd64-083) (gcc version 7.5.0 (Ubuntu 7.5.0-3ubuntu1~18.04)) #223-Ubuntu SMP Tue May 23 13:09:22 UTC 2023 (Ubuntu 4.15.0-212.223-generic 4.15.18)
[    0.000000] Command line: BOOT_IMAGE=/boot/vmlinuz-4.15.0-212-generic root=LABEL=cloudimg-rootfs ro console=tty1 console=ttyS0
[    0.000000] KERNEL supported cpus:
[    0.000000]   Intel GenuineIntel
[    0.000000]   AMD AuthenticAMD
[    0.000000]   Centaur CentaurHauls
[    0.000000] x86/fpu: x87 FPU will use FXSAVE
[    0.000000] e820: BIOS-provided physical RAM map:
[    0.000000] BIOS-e820: [mem 0x0000000000000000-0x000000000009fbff] usable
[    0.000000] BIOS-e820: [mem 0x000000000009fc00-0x000000000009ffff] reserved
[    0.000000] BIOS-e820: [mem 0x00000000000f0000-0x00000000000fffff] reserved
[    0.000000] BIOS-e820: [mem 0x0000000000100000-0x000000003ffeffff] usable
[    0.000000] BIOS-e820: [mem 0x000000003fff0000-0x000000003fffffff] ACPI data
[    0.000000] BIOS-e820: [mem 0x00000000fec00000-0x00000000fec00fff] reserved
[    0.000000] BIOS-e820: [mem 0x00000000fee00000-0x00000000fee00fff] reserved
[    0.000000] BIOS-e820: [mem 0x00000000fffc0000-0x00000000ffffffff] reserved
[    0.000000] NX (Execute Disable) protection: active
[    0.000000] SMBIOS 2.5 present.
[    0.000000] DMI: innotek GmbH VirtualBox/VirtualBox, BIOS VirtualBox 12/01/2006
[    0.000000] Hypervisor detected: KVM
[    0.000000] e820: last_pfn = 0x3fff0 max_arch_pfn = 0x400000000
[    0.000000] MTRR: Disabled
[    0.000000] x86/PAT: MTRRs disabled, skipping PAT initialization too.
[    0.000000] CPU MTRRs all blank - virtualized system.
[    0.000000] x86/PAT: Configuration [0-7]: WB  WT  UC- UC  WB  WT  UC- UC  
[    0.000000] found SMP MP-table at [mem 0x0009fff0-0x0009ffff]
[    0.000000] Scanning 1 areas for low memory corruption
[    0.000000] RAMDISK: [mem 0x359cb000-0x36cdcfff]
[    0.000000] ACPI: Early table checksum verification disabled
[    0.000000] ACPI: RSDP 0x00000000000E0000 000024 (v02 VBOX  )
[    0.000000] ACPI: XSDT 0x000000003FFF0030 00003C (v01 VBOX   VBOXXSDT 00000001 ASL  00000061)
[    0.000000] ACPI: FACP 0x000000003FFF00F0 0000F4 (v04 VBOX   VBOXFACP 00000001 ASL  00000061)
[    0.000000] ACPI: DSDT 0x000000003FFF0610 002353 (v02 VBOX   VBOXBIOS 00000002 INTL 20100528)
[    0.000000] ACPI: FACS 0x000000003FFF0200 000040
[    0.000000] ACPI: FACS 0x000000003FFF0200 000040
[    0.000000] ACPI: APIC 0x000000003FFF0240 00005C (v02 VBOX   VBOXAPIC 00000001 ASL  00000061)
[    0.000000] ACPI: SSDT 0x000000003FFF02A0 00036C (v01 VBOX   VBOXCPUT 00000002 INTL 20100528)
[    0.000000] ACPI: Reserving FACP table memory at [mem 0x3fff00f0-0x3fff01e3]
[    0.000000] ACPI: Reserving DSDT table memory at [mem 0x3fff0610-0x3fff2962]
[    0.000000] ACPI: Reserving FACS table memory at [mem 0x3fff0200-0x3fff023f]
[    0.000000] ACPI: Reserving FACS table memory at [mem 0x3fff0200-0x3fff023f]
[    0.000000] ACPI: Reserving APIC table memory at [mem 0x3fff0240-0x3fff029b]
[    0.000000] ACPI: Reserving SSDT table memory at [mem 0x3fff02a0-0x3fff060b]
[    0.000000] No NUMA configuration found
[    0.000000] Faking a node at [mem 0x0000000000000000-0x000000003ffeffff]
[    0.000000] NODE_DATA(0) allocated [mem 0x3ffc5000-0x3ffeffff]
[    0.000000] kvm-clock: cpu 0, msr 0:3ff44001, primary cpu clock
[    0.000000] kvm-clock: Using msrs 4b564d01 and 4b564d00
[    0.000000] kvm-clock: using sched offset of 4418535376 cycles
[    0.000000] clocksource: kvm-clock: mask: 0xffffffffffffffff max_cycles: 0x1cd42e4dffb, max_idle_ns: 881590591483 ns
[    0.000000] Zone ranges:
[    0.000000]   DMA      [mem 0x0000000000001000-0x0000000000ffffff]
[    0.000000]   DMA32    [mem 0x0000000001000000-0x000000003ffeffff]
[    0.000000]   Normal   empty
[    0.000000]   Device   empty
[    0.000000] Movable zone start for each node
[    0.000000] Early memory node ranges
[    0.000000]   node   0: [mem 0x0000000000001000-0x000000000009efff]
[    0.000000]   node   0: [mem 0x0000000000100000-0x000000003ffeffff]
[    0.000000] Reserved but unavailable: 104 pages
[    0.000000] Initmem setup node 0 [mem 0x0000000000001000-0x000000003ffeffff]
[    0.000000] ACPI: PM-Timer IO Port: 0x4008
[    0.000000] IOAPIC[0]: apic_id 2, version 32, address 0xfec00000, GSI 0-23
[    0.000000] ACPI: INT_SRC_OVR (bus 0 bus_irq 0 global_irq 2 dfl dfl)
[    0.000000] ACPI: INT_SRC_OVR (bus 0 bus_irq 9 global_irq 9 low level)
[    0.000000] Using ACPI (MADT) for SMP configuration information
[    0.000000] smpboot: Allowing 2 CPUs, 0 hotplug CPUs
[    0.000000] PM: Registered nosave memory: [mem 0x00000000-0x00000fff]
[    0.000000] PM: Registered nosave memory: [mem 0x0009f000-0x0009ffff]
[    0.000000] PM: Registered nosave memory: [mem 0x000a0000-0x000effff]
[    0.000000] PM: Registered nosave memory: [mem 0x000f0000-0x000fffff]
[    0.000000] e820: [mem 0x40000000-0xfebfffff] available for PCI devices
[    0.000000] Booting paravirtualized kernel on KVM
[    0.000000] clocksource: refined-jiffies: mask: 0xffffffff max_cycles: 0xffffffff, max_idle_ns: 7645519600211568 ns
[    0.000000] setup_percpu: NR_CPUS:8192 nr_cpumask_bits:2 nr_cpu_ids:2 nr_node_ids:1
[    0.000000] percpu: Embedded 50 pages/cpu s167936 r8192 d28672 u1048576
[    0.000000] PV qspinlock hash table entries: 256 (order: 0, 4096 bytes)
[    0.000000] Built 1 zonelists, mobility grouping on.  Total pages: 257913
[    0.000000] Policy zone: DMA32
[    0.000000] Kernel command line: BOOT_IMAGE=/boot/vmlinuz-4.15.0-212-generic root=LABEL=cloudimg-rootfs ro console=tty1 console=ttyS0
[    0.000000] Memory: 982644K/1048120K available (12300K kernel code, 2477K rwdata, 4324K rodata, 2480K init, 2720K bss, 65476K reserved, 0K cma-reserved)
[    0.000000] SLUB: HWalign=64, Order=0-3, MinObjects=0, CPUs=2, Nodes=1
[    0.000000] ftrace: allocating 39508 entries in 155 pages
[    0.004000] Hierarchical RCU implementation.
[    0.004000] 	RCU restricting CPUs from NR_CPUS=8192 to nr_cpu_ids=2.
[    0.004000] 	Tasks RCU enabled.
[    0.004000] RCU: Adjusting geometry for rcu_fanout_leaf=16, nr_cpu_ids=2
[    0.004000] NR_IRQS: 524544, nr_irqs: 440, preallocated irqs: 16
[    0.004000] random: crng init done
[    0.004000] Console: colour VGA+ 80x25
[    0.004000] console [tty1] enabled
[    0.004000] console [ttyS0] enabled
[    0.004000] ACPI: Core revision 20170831
[    0.004000] ACPI: 2 ACPI AML tables successfully acquired and loaded
[    0.004000] APIC: Switch to symmetric I/O mode setup
[    0.004000] ..TIMER: vector=0x30 apic1=0 pin1=2 apic2=-1 pin2=-1
[    0.004044] tsc: Detected 2496.006 MHz processor
[    0.008012] Calibrating delay loop (skipped) preset value.. 4992.01 BogoMIPS (lpj=9984024)
[    0.012024] pid_max: default: 32768 minimum: 301
[    0.016146] Security Framework initialized
[    0.020008] Yama: becoming mindful.
[    0.028009] AppArmor: AppArmor initialized
[    0.040515] Dentry cache hash table entries: 131072 (order: 8, 1048576 bytes)
[    0.052647] Inode-cache hash table entries: 65536 (order: 7, 524288 bytes)
[    0.056153] Mount-cache hash table entries: 2048 (order: 2, 16384 bytes)
[    0.060155] Mountpoint-cache hash table entries: 2048 (order: 2, 16384 bytes)
[    0.070973] Last level iTLB entries: 4KB 64, 2MB 8, 4MB 8
[    0.072009] Last level dTLB entries: 4KB 64, 2MB 0, 4MB 0, 1GB 4
[    0.076010] Spectre V1 : Mitigation: usercopy/swapgs barriers and __user pointer sanitization
[    0.080010] Spectre V2 : Mitigation: Enhanced IBRS
[    0.084006] Spectre V2 : Spectre v2 / SpectreRSB mitigation: Filling RSB on context switch
[    0.088006] Spectre V2 : Spectre v2 / PBRSB-eIBRS: Retire a single CALL on VMEXIT
[    0.092006] RETBleed: Mitigation: Enhanced IBRS
[    0.096007] Speculative Store Bypass: Vulnerable
[    0.100073] MMIO Stale Data: Vulnerable: Clear CPU buffers attempted, no microcode
[    0.104008] SRBDS: Unknown: Dependent on hypervisor status
[    0.108259] Freeing SMP alternatives memory: 36K
[    0.228301] APIC calibration not consistent with PM-Timer: 102ms instead of 100ms
[    0.232000] APIC delta adjusted to PM-Timer: 6281899 (6423840)
[    0.232662] smpboot: CPU0: Intel(R) Core(TM) i5-10300H CPU @ 2.50GHz (family: 0x6, model: 0xa5, stepping: 0x2)
[    0.236000] Performance Events: unsupported p6 CPU model 165 no PMU driver, software events only.
[    0.236000] Hierarchical SRCU implementation.
[    0.236000] NMI watchdog: Perf event create on CPU 0 failed with -2
[    0.236000] NMI watchdog: Perf NMI watchdog permanently disabled
[    0.236000] smp: Bringing up secondary CPUs ...
[    0.237500] x86: Booting SMP configuration:
[    0.240005] .... node  #0, CPUs:      #1
[    0.004000] kvm-clock: cpu 1, msr 0:3ff44041, secondary cpu clock
[    0.263847] TSC synchronization [CPU#0 -> CPU#1]:
[    0.264000] Measured 60498 cycles TSC warp between CPUs, turning off TSC clock.
[    0.264000] tsc: Marking TSC unstable due to check_tsc_sync_source failed
[    0.268377] smp: Brought up 1 node, 2 CPUs
[    0.272008] smpboot: Max logical packages: 1
[    0.276092] smpboot: Total of 2 processors activated (9984.02 BogoMIPS)
[    0.284907] devtmpfs: initialized
[    0.288141] x86/mm: Memory block size: 128MB
[    0.292490] evm: security.selinux
[    0.296003] evm: security.SMACK64
[    0.300011] evm: security.SMACK64EXEC
[    0.304005] evm: security.SMACK64TRANSMUTE
[    0.308003] evm: security.SMACK64MMAP
[    0.312004] evm: security.apparmor
[    0.316018] evm: security.ima
[    0.320002] evm: security.capability
[    0.328113] clocksource: jiffies: mask: 0xffffffff max_cycles: 0xffffffff, max_idle_ns: 7645041785100000 ns
[    0.332011] futex hash table entries: 512 (order: 3, 32768 bytes)
[    0.336210] pinctrl core: initialized pinctrl subsystem
[    0.344211] RTC time:  8:51:21, date: 07/04/24
[    0.349399] NET: Registered protocol family 16
[    0.352124] audit: initializing netlink subsys (disabled)
[    0.360307] audit: type=2000 audit(1720083086.653:1): state=initialized audit_enabled=0 res=1
[    0.376010] cpuidle: using governor ladder
[    0.380014] cpuidle: using governor menu
[    0.384088] ACPI: bus type PCI registered
[    0.388023] acpiphp: ACPI Hot Plug PCI Controller Driver version: 0.5
[    0.392631] PCI: Using configuration type 1 for base access
[    0.404528] HugeTLB registered 2.00 MiB page size, pre-allocated 0 pages
[    0.416414] ACPI: Added _OSI(Module Device)
[    0.420003] ACPI: Added _OSI(Processor Device)
[    0.424003] ACPI: Added _OSI(3.0 _SCP Extensions)
[    0.432004] ACPI: Added _OSI(Processor Aggregator Device)
[    0.436007] ACPI: Added _OSI(Linux-Dell-Video)
[    0.440005] ACPI: Added _OSI(Linux-Lenovo-NV-HDMI-Audio)
[    0.444003] ACPI: Added _OSI(Linux-HPI-Hybrid-Graphics)
[    0.453061] ACPI: Executed 1 blocks of module-level executable AML code
[    0.464099] ACPI: Interpreter enabled
[    0.468018] ACPI: (supports S0 S5)
[    0.472006] ACPI: Using IOAPIC for interrupt routing
[    0.476610] PCI: Using host bridge windows from ACPI; if necessary, use "pci=nocrs" and report a bug
[    0.480389] ACPI: Enabled 2 GPEs in block 00 to 07
[    0.501926] ACPI: PCI Root Bridge [PCI0] (domain 0000 [bus 00-ff])
[    0.504012] acpi PNP0A03:00: _OSC: OS supports [ASPM ClockPM Segments MSI]
[    0.512489] acpi PNP0A03:00: _OSC: not requesting OS control; OS requires [ExtendedConfig ASPM ClockPM MSI]
[    0.516031] acpi PNP0A03:00: fail to add MMCONFIG information, can't access extended PCI configuration space under this bridge.
[    0.524217] PCI host bridge to bus 0000:00
[    0.528008] pci_bus 0000:00: root bus resource [io  0x0000-0x0cf7 window]
[    0.532010] pci_bus 0000:00: root bus resource [io  0x0d00-0xffff window]
[    0.536008] pci_bus 0000:00: root bus resource [mem 0x000a0000-0x000bffff window]
[    0.540011] pci_bus 0000:00: root bus resource [mem 0x40000000-0xfdffffff window]
[    0.544009] pci_bus 0000:00: root bus resource [bus 00-ff]
[    0.561082] pci 0000:00:01.1: legacy IDE quirk: reg 0x10: [io  0x01f0-0x01f7]
[    0.564006] pci 0000:00:01.1: legacy IDE quirk: reg 0x14: [io  0x03f6]
[    0.572015] pci 0000:00:01.1: legacy IDE quirk: reg 0x18: [io  0x0170-0x0177]
[    0.576007] pci 0000:00:01.1: legacy IDE quirk: reg 0x1c: [io  0x0376]
[    0.613279] pci 0000:00:07.0: quirk: [io  0x4000-0x403f] claimed by PIIX4 ACPI
[    0.616057] pci 0000:00:07.0: quirk: [io  0x4100-0x410f] claimed by PIIX4 SMB
[    0.640030] ACPI: PCI Interrupt Link [LNKA] (IRQs 5 9 10 *11)
[    0.649034] ACPI: PCI Interrupt Link [LNKB] (IRQs 5 9 *10 11)
[    0.652364] ACPI: PCI Interrupt Link [LNKC] (IRQs 5 *9 10 11)
[    0.656275] ACPI: PCI Interrupt Link [LNKD] (IRQs 5 9 10 *11)
[    0.661145] SCSI subsystem initialized
[    0.668203] pci 0000:00:02.0: vgaarb: setting as boot VGA device
[    0.672000] pci 0000:00:02.0: vgaarb: VGA device added: decodes=io+mem,owns=io+mem,locks=none
[    0.672009] pci 0000:00:02.0: vgaarb: bridge control possible
[    0.676006] vgaarb: loaded
[    0.680153] ACPI: bus type USB registered
[    0.684023] usbcore: registered new interface driver usbfs
[    0.688042] usbcore: registered new interface driver hub
[    0.692012] usbcore: registered new device driver usb
[    0.700141] EDAC MC: Ver: 3.0.0
[    0.705027] PCI: Using ACPI for IRQ routing
[    0.712934] NetLabel: Initializing
[    0.716000] NetLabel:  domain hash size = 128
[    0.716002] NetLabel:  protocols = UNLABELED CIPSOv4 CALIPSO
[    0.720019] NetLabel:  unlabeled traffic allowed by default
[    0.728005] clocksource: Switched to clocksource kvm-clock
[    0.759310] VFS: Disk quotas dquot_6.6.0
[    0.759310] VFS: Dquot-cache hash table entries: 512 (order 0, 4096 bytes)
[    0.759310] AppArmor: AppArmor Filesystem Enabled
[    0.759310] pnp: PnP ACPI init
[    0.759310] pnp: PnP ACPI: found 3 devices
[    0.854831] clocksource: acpi_pm: mask: 0xffffff max_cycles: 0xffffff, max_idle_ns: 2085701024 ns
[    0.856248] NET: Registered protocol family 2
[    0.856248] IP idents hash table entries: 16384 (order: 5, 131072 bytes)
[    0.882531] TCP established hash table entries: 8192 (order: 4, 65536 bytes)
[    0.890316] TCP bind hash table entries: 8192 (order: 5, 131072 bytes)
[    0.893957] TCP: Hash tables configured (established 8192 bind 8192)
[    0.893957] UDP hash table entries: 512 (order: 2, 16384 bytes)
[    0.893957] UDP-Lite hash table entries: 512 (order: 2, 16384 bytes)
[    0.893957] NET: Registered protocol family 1
[    0.893957] pci 0000:00:00.0: Limiting direct PCI/PCI transfers
[    0.893957] pci 0000:00:01.0: Activating ISA DMA hang workarounds
[    0.893957] pci 0000:00:02.0: Video device with shadowed ROM at [mem 0x000c0000-0x000dffff]
[    0.893957] Unpacking initramfs...
[    1.548187] Freeing initrd memory: 19528K
[    1.548187] clocksource: tsc: mask: 0xffffffffffffffff max_cycles: 0x23fa7cdd331, max_idle_ns: 440795301699 ns
[    1.564467] platform rtc_cmos: registered platform RTC device (no PNP device found)
[    1.572848] Scanning for low memory corruption every 60 seconds
[    1.581063] Initialise system trusted keyrings
[    1.587185] Key type blacklist registered
[    1.593163] workingset: timestamp_bits=36 max_order=18 bucket_order=0
[    1.605791] zbud: loaded
[    1.611493] squashfs: version 4.0 (2009/01/31) Phillip Lougher
[    1.620183] fuse init (API version 7.26)
[    1.676925] Key type asymmetric registered
[    1.682843] Asymmetric key parser 'x509' registered
[    1.689950] Block layer SCSI generic (bsg) driver version 0.4 loaded (major 246)
[    1.700924] io scheduler noop registered
[    1.706474] io scheduler deadline registered
[    1.713306] io scheduler cfq registered (default)
[    1.722354] ACPI: AC Adapter [AC] (off-line)
[    1.728703] input: Power Button as /devices/LNXSYSTM:00/LNXPWRBN:00/input/input0
[    1.738609] ACPI: Power Button [PWRF]
[    1.744020] input: Sleep Button as /devices/LNXSYSTM:00/LNXSLPBN:00/input/input1
[    1.753867] ACPI: Sleep Button [SLPF]
[    1.759961] Serial: 8250/16550 driver, 32 ports, IRQ sharing enabled
[    1.761728] ACPI: Battery Slot [BAT0] (battery present)
[    1.805910] 00:02: ttyS0 at I/O 0x3f8 (irq = 4, base_baud = 115200) is a 16550A
[    1.842387] Linux agpgart interface v0.103
[    1.863792] loop: module loaded
[    1.875130] scsi host0: ata_piix
[    1.882528] scsi host1: ata_piix
[    1.887375] ata1: PATA max UDMA/33 cmd 0x1f0 ctl 0x3f6 bmdma 0xd000 irq 14
[    1.896463] ata2: PATA max UDMA/33 cmd 0x170 ctl 0x376 bmdma 0xd008 irq 15
[    1.909145] tun: Universal TUN/TAP device driver, 1.6
[    1.923578] PPP generic driver version 2.4.2
[    1.932840] ehci_hcd: USB 2.0 'Enhanced' Host Controller (EHCI) Driver
[    1.943691] ehci-pci: EHCI PCI platform driver
[    1.951347] ehci-platform: EHCI generic platform driver
[    1.960236] ohci_hcd: USB 1.1 'Open' Host Controller (OHCI) Driver
[    1.970422] ohci-pci: OHCI PCI platform driver
[    1.977863] ohci-platform: OHCI generic platform driver
[    1.987259] uhci_hcd: USB Universal Host Controller Interface driver
[    1.997200] i8042: PNP: PS/2 Controller [PNP0303:PS2K,PNP0f03:PS2M] at 0x60,0x64 irq 1,12
[    2.015533] serio: i8042 KBD port at 0x60,0x64 irq 1
[    2.023032] serio: i8042 AUX port at 0x60,0x64 irq 12
[    2.032031] mousedev: PS/2 mouse device common for all mice
[    2.043646] input: AT Translated Set 2 keyboard as /devices/platform/i8042/serio0/input/input2
[    2.050215] rtc_cmos rtc_cmos: rtc core: registered rtc_cmos as rtc0
[    2.065756] rtc_cmos rtc_cmos: alarms up to one day, 114 bytes nvram
[    2.078240] i2c /dev entries driver
[    2.078240] device-mapper: uevent: version 1.0.3
[    2.124847] device-mapper: ioctl: 4.37.0-ioctl (2017-09-20) initialised: dm-devel@redhat.com
[    2.152741] ledtrig-cpu: registered to indicate activity on CPUs
[    2.164710] NET: Registered protocol family 10
[    2.184957] Segment Routing with IPv6
[    2.189074] NET: Registered protocol family 17
[    2.195393] Key type dns_resolver registered
[    2.201179] mce: Using 0 MCE banks
[    2.206098] RAS: Correctable Errors collector initialized.
[    2.212638] sched_clock: Marking stable (2212562055, 0)->(3476256184, -1263694129)
[    2.225359] registered taskstats version 1
[    2.229959] Loading compiled-in X.509 certificates
[    2.242840] Loaded X.509 cert 'Build time autogenerated kernel key: b5b26778eaa3ab3a4a6cee031137706e947d12ad'
[    2.255283] Loaded X.509 cert 'Canonical Ltd. Live Patch Signing: 14df34d1a87cf37625abec039ef2bf521249b969'
[    2.267283] Loaded X.509 cert 'Canonical Ltd. Kernel Module Signing: 88f752e560a1e0737e31163a466ad7b70a850c19'
[    2.278447] blacklist: Loading compiled-in revocation X.509 certificates
[    2.286182] Loaded X.509 cert 'Canonical Ltd. Secure Boot Signing: 61482aa2830d0ab2ad5af10b7250da9033ddcef0'
[    2.297079] Loaded X.509 cert 'Canonical Ltd. Secure Boot Signing (2017): 242ade75ac4a15e50d50c84b0d45ff3eae707a03'
[    2.309187] Loaded X.509 cert 'Canonical Ltd. Secure Boot Signing (ESM 2018): 365188c1d374d6b07c3c8f240f8ef722433d6a8b'
[    2.320374] Loaded X.509 cert 'Canonical Ltd. Secure Boot Signing (2019): c0746fd6c5da3ae827864651ad66ae47fe24b3e8'
[    2.333311] Loaded X.509 cert 'Canonical Ltd. Secure Boot Signing (2021 v1): a8d54bbb3825cfb94fa13c9f8a594a195c107b8d'
[    2.346899] Loaded X.509 cert 'Canonical Ltd. Secure Boot Signing (2021 v2): 4cf046892d6fd3c9a5b03f98d845f90851dc6a8c'
[    2.362689] Loaded X.509 cert 'Canonical Ltd. Secure Boot Signing (2021 v3): 100437bb6de6e469b581e61cd66bce3ef4ed53af'
[    2.376662] Loaded X.509 cert 'Canonical Ltd. Secure Boot Signing (Ubuntu Core 2019): c1d57b8f6b743f23ee41f4f7ee292f06eecadfb9'
[    2.393359] zswap: loaded using pool lzo/zbud
[    2.415065] Key type big_key registered
[    2.422901] Key type trusted registered
[    2.437326] Key type encrypted registered
[    2.443010] AppArmor: AppArmor sha1 policy hashing enabled
[    2.451095] ima: No TPM chip found, activating TPM-bypass! (rc=-19)
[    2.459738] ima: Allocated hash algorithm: sha1
[    2.466485] evm: HMAC attrs: 0x1
[    2.473257]   Magic number: 0:492:876
[    2.479877] rtc_cmos rtc_cmos: setting system clock to 2024-07-04 08:51:24 UTC (1720083084)
[    2.491665] BIOS EDD facility v0.16 2004-Jun-25, 0 devices found
[    2.499215] EDD information not available.
[    2.509036] Freeing unused kernel image memory: 2480K
[    2.532251] Write protecting the kernel read-only data: 20480k
[    2.541157] Freeing unused kernel image memory: 2008K
[    2.548017] Freeing unused kernel image memory: 1820K
[    2.562684] x86/mm: Checked W+X mappings: passed, no W+X pages found.
Loading, please wait...
starting version 237
[    2.656928] e1000: Intel(R) PRO/1000 Network Driver - version 7.3.21-k8-NAPI
[    2.667535] e1000: Copyright (c) 1999-2006 Intel Corporation.
[    2.682280] Fusion MPT base driver 3.04.20
[    2.688597] Copyright (c) 1999-2008 LSI Corporation
[    2.702961] Fusion MPT SPI Host driver 3.04.20
[    2.725698] SSE version of gcm_enc/dec engaged.
[    3.024179] input: ImExPS/2 Generic Explorer Mouse as /devices/platform/i8042/serio1/input/input4
[    4.025418] e1000 0000:00:03.0 eth0: (PCI:33MHz:32-bit) 02:3b:7b:b7:3b:2d
[    4.032385] e1000 0000:00:03.0 eth0: Intel(R) PRO/1000 Network Connection
[    4.045750] mptbase: ioc0: Initiating bringup
[    4.177856] ioc0: LSI53C1030 A0: Capabilities={Initiator}
[    4.442792] scsi host2: ioc0: LSI53C1030 A0, FwRev=00000000h, Ports=1, MaxQ=256, IRQ=20
[    4.625200] scsi 2:0:0:0: Direct-Access     VBOX     HARDDISK         1.0  PQ: 0 ANSI: 5
[    5.355282] scsi target2:0:0: Beginning Domain Validation
[    5.485349] scsi target2:0:0: Domain Validation skipping write tests
[    5.495275] scsi target2:0:0: Ending Domain Validation
[    5.503157] scsi target2:0:0: asynchronous
[    5.513267] scsi 2:0:1:0: Direct-Access     VBOX     HARDDISK         1.0  PQ: 0 ANSI: 5
[    5.884266] scsi target2:0:1: Beginning Domain Validation
[    5.903796] scsi target2:0:1: Domain Validation skipping write tests
[    5.911877] scsi target2:0:1: Ending Domain Validation
[    5.918767] scsi target2:0:1: asynchronous
[    5.945004] sd 2:0:0:0: Attached scsi generic sg0 type 0
[    5.949189] sd 2:0:0:0: [sda] 83886080 512-byte logical blocks: (42.9 GB/40.0 GiB)
[    5.953354] sd 2:0:1:0: Attached scsi generic sg1 type 0
[    5.969608] sd 2:0:1:0: [sdb] 20480 512-byte logical blocks: (10.5 MB/10.0 MiB)
[    5.971961] sd 2:0:0:0: [sda] Write Protect is off
[    5.985144] sd 2:0:1:0: [sdb] Write Protect is off
[    5.990099] e1000 0000:00:08.0 eth1: (PCI:33MHz:32-bit) 08:00:27:b0:ef:4a
[    5.999610] e1000 0000:00:08.0 eth1: Intel(R) PRO/1000 Network Connection
[    5.999597] sd 2:0:0:0: [sda] Incomplete mode parameter data
[    6.014016] sd 2:0:0:0: [sda] Assuming drive cache: write through
[    6.020886] sd 2:0:1:0: [sdb] Incomplete mode parameter data
[    6.026058] sd 2:0:1:0: [sdb] Assuming drive cache: write through
[    6.048671]  sda: sda1
[    6.053108] sd 2:0:1:0: [sdb] Attached SCSI disk
[    6.063409] sd 2:0:0:0: [sda] Attached SCSI disk
[    6.071969] e1000 0000:00:03.0 enp0s3: renamed from eth0
[    6.093239] e1000 0000:00:08.0 enp0s8: renamed from eth1
Begin: Loading essential drivers ... [    8.317836] raid6: sse2x1   gen() 11428 MB/s
[    8.368244] raid6: sse2x1   xor()  5359 MB/s
[    8.421155] raid6: sse2x2   gen() 12059 MB/s
[    8.472091] raid6: sse2x2   xor()  8324 MB/s
[    8.524501] raid6: sse2x4   gen() 15424 MB/s
[    8.576093] raid6: sse2x4   xor()  9280 MB/s
[    8.581533] raid6: using algorithm sse2x4 gen() 15424 MB/s
[    8.586474] raid6: .... xor() 9280 MB/s, rmw enabled
[    8.592694] raid6: using ssse3x2 recovery algorithm
[    8.600196] xor: measuring software checksum speed
[    8.644208]    prefetch64-sse: 21047.000 MB/sec
[    8.690136]    generic_sse: 23625.000 MB/sec
[    8.696208] xor: using function: generic_sse (23625.000 MB/sec)
[    8.707105] async_tx: api initialized (async)
done.
Begin: Running /scripts/init-premount ... done.
Begin: Mounting root file system ... Begin: Running /scripts/local-top ... done.
Begin: Running /scripts/local-premount ... [    8.790032] Btrfs loaded, crc32c=crc32c-intel
Scanning for Btrfs filesystems
done.
Warning: fsck not present, so skipping root file system
[    8.882087] EXT4-fs (sda1): mounted filesystem with ordered data mode. Opts: (null)
done.
Begin: Running /scripts/local-bottom ... done.
Begin: Running /scripts/init-bottom ... done.
[    9.178933] ip_tables: (C) 2000-2006 Netfilter Core Team
[    9.214717] systemd[1]: systemd 237 running in system mode. (+PAM +AUDIT +SELINUX +IMA +APPARMOR +SMACK +SYSVINIT +UTMP +LIBCRYPTSETUP +GCRYPT +GNUTLS +ACL +XZ +LZ4 +SECCOMP +BLKID +ELFUTILS +KMOD -IDN2 +IDN -PCRE2 default-hierarchy=hybrid)
[    9.237792] systemd[1]: Detected virtualization oracle.
[    9.243559] systemd[1]: Detected architecture x86-64.

Welcome to [1mUbuntu 18.04.6 LTS[0m!

[    9.295817] systemd[1]: Set hostname to <ubuntu>.
[    9.308489] systemd[1]: Initializing machine ID from random generator.
[    9.315237] systemd[1]: Installed transient /etc/machine-id file.
[    9.738744] systemd[1]: Reached target System Time Synchronized.
[[0;32m  OK  [0m] Reached target System Time Synchronized.
[    9.751025] systemd[1]: Reached target Swap.
[[0;32m  OK  [0m] Reached target Swap.
[    9.773891] systemd[1]: Created slice System Slice.
[[0;32m  OK  [0m] Created slice System Slice.
[    9.785500] systemd[1]: Listening on Syslog Socket.
[[0;32m  OK  [0m] Listening on Syslog Socket.
[[0;32m  OK  [0m] Listening on Journal Socket (/dev/log).
[[0;32m  OK  [0m] Created slice system-serial\x2dgetty.slice.
[[0;32m  OK  [0m] Listening on Journal Socket.
         Starting Load Kernel Modules...
[[0;32m  OK  [0m] Listening on udev Control Socket.
         Starting Create list of required st…ce nodes for the current kernel...
         Mounting Kernel Debug File System...[    9.855342] Loading iSCSI transport class v2.0-870.

[[0;32m  OK  [0m] Listening on Network Service Netlink Socket.
         Mounting POSIX Message Queue File System...
         Starting Uncomplicated firewall...
[[0;32m  OK  [0m] Listening on Device-mapper event daemon FIFOs.
[[0;32m  OK  [0m] Created slice User and Session Slice.
[[0;32m  OK  [0m] Reached target Slices.
[[0;32m  OK  [0m] Listening on LVM2 metadata daemon socket.
         Starting Monitoring of LVM2 mirrors…ng dmeventd or progress polling...
[[0;32m  OK  [0m] Listening on udev Kernel Socket.
         Starting udev Coldplug all Devices...
[[0;32m  OK  [0m] Reached target Mounting snaps.
[[0;32m  OK  [0m] Reached target Mounted snaps.
[[0;32m  OK  [0m] Listening on LVM2 poll daemon socket.
         Starting Set the console keyboard layout...
[[0;32m  OK  [0m] Listening on /dev/initctl Compatibility Named Pipe.
         Mounting Huge Pages File System...
[[0;32m  OK  [0m] Set up automount Arbitrary Executab…rmats File System Automount Point.
[    9.958470] iscsi: registered transport (tcp)
[[0;32m  OK  [0m] Listening on fsck to fsckd communication Socket.
[[0;32m  OK  [0m] Started Forward Password Requests to Wall Directory Watch.
[[0;32m  OK  [0m] Reached target User and Group Name Lookups.
         Starting File System Check on Root Device...
[[0;32m  OK  [0m] Listening on Journal Audit Socket.
         Starting Journal Service...
[[0;32m  OK  [0m] Started Create list of required sta…vice nodes for the current kernel.
[[0;32m  OK  [0m] Mounted Kernel Debug File System.
[[0;32m  OK  [0m] Mounted POSIX Message Queue File System.
[[0;32m  OK  [0m] Started Uncomplicated firewall.
[[0;32m  OK  [0m] Mounted Huge Pages File System.
[[0;32m  OK  [0m] Started File System Check Daemon to report status.
[[0;32m  OK  [0m] Started LVM2 metadata daemon.
         Starting Create Static Device Nodes in /dev...
[[0;32m  OK  [0m] Started udev Coldplug all Devices.
[[0;32m  OK  [0m] Started Journal Service.
[[0;32m  OK  [0m] Started Create Static Device Nodes in /dev.
[[0;32m  OK  [0m] Started File System Check on Root Device.
         Starting Remount Root and Kernel File Systems...
[[0;32m  OK  [0m] Started Monitoring of LVM2 mirrors,…sing dmeventd or progress polling.
[   10.238456] EXT4-fs (sda1): re-mounted. Opts: (null)
[[0;32m  OK  [0m] Started Remount Root and Kernel File Systems.
         Starting udev Kernel Device Manager...
         Starting Flush Journal to Persistent Storage...
         Starting Load/Save Random Seed...
[   10.270962] iscsi: registered transport (iser)
[[0;32m  OK  [0m] Started Load Kernel Modules.
         Mounting Kernel Configuration File System...
         Mounting FUSE Control File System...
         Starting Apply Kernel Variables...
[[0;32m  OK  [0m] Started Load/Save Random Seed.
[[0;32m  OK  [0m] Mounted Kernel Configuration File System.
[[0;32m  OK  [0m] Mounted FUSE Control File System.
[   10.340637] systemd-journald[422]: Received request to flush runtime journal from PID 1
[[0;32m  OK  [0m] Started udev Kernel Device Manager.
[[0;32m  OK  [0m] Started Apply Kernel Variables.
[[0;32m  OK  [0m] Started Flush Journal to Persistent Storage.
[[0;32m  OK  [0m] Found device /dev/ttyS0.
[[0;32m  OK  [0m] Listening on Load/Save RF Kill Switch Status /dev/rfkill Watch.
         Mounting Arbitrary Executable File Formats File System...
[[0;32m  OK  [0m] Mounted Arbitrary Executable File Formats File System.
[[0;32m  OK  [0m] Started Set the console keyboard layout.
[[0;32m  OK  [0m] Reached target Local File Systems (Pre).
[[0;32m  OK  [0m] Reached target Local File Systems.
         Starting AppArmor initialization...
         Starting Tell Plymouth To Write Out Runtime Data...
         Starting Create Volatile Files and Directories...
         Starting Commit a transient machine-id on disk...
         Starting Set console font and keymap...
         Starting ebtables ruleset management...
[[0;32m  OK  [0m] Started Dispatch Password Requests to Console Directory Watch.
[[0;32m  OK  [0m] Reached target Local Encrypted Volumes.
[[0;32m  OK  [0m] Started Tell Plymouth To Write Out Runtime Data.
[[0;32m  OK  [0m] Started Create Volatile Files and Directories.
         Starting Update UTMP about System Boot/Shutdown...
[[0;32m  OK  [0m] Started Update UTMP about System Boot/Shutdown.
[[0;32m  OK  [0m] Started Commit a transient machine-id on disk.
[[0;32m  OK  [0m] Started ebtables ruleset management.
[[0;32m  OK  [0m] Started AppArmor initialization.
         Starting Load AppArmor profiles managed internally by snapd...
         Starting Initial cloud-init job (pre-networking)...
[[0;32m  OK  [0m] Started Load AppArmor profiles managed internally by snapd.
[[0;32m  OK  [0m] Started Set console font and keymap.
[   15.118913] cloud-init[771]: Cloud-init v. 23.1.2-0ubuntu0~18.04.1 running 'init-local' at Thu, 04 Jul 2024 08:51:36 +0000. Up 14.63 seconds.
[[0;32m  OK  [0m] Started Initial cloud-init job (pre-networking).
[[0;32m  OK  [0m] Reached target Network (Pre).
         Starting Network Service...
[[0;32m  OK  [0m] Started Network Service.
         Starting Network Name Resolution...
         Starting Wait for Network to be Configured...
[[0;32m  OK  [0m] Started Network Name Resolution.
[[0;32m  OK  [0m] Reached target Host and Network Name Lookups.
[[0;32m  OK  [0m] Reached target Network.
[[0;32m  OK  [0m] Started Wait for Network to be Configured.
         Starting Initial cloud-init job (metadata service crawler)...
[   17.990355] cloud-init[913]: Cloud-init v. 23.1.2-0ubuntu0~18.04.1 running 'init' at Thu, 04 Jul 2024 08:51:39 +0000. Up 17.79 seconds.
[   17.996926] cloud-init[913]: ci-info: ++++++++++++++++++++++++++++++++++++++Net device info+++++++++++++++++++++++++++++++++++++++
[   18.003577] cloud-init[913]: ci-info: +--------+-------+----------------------------+---------------+--------+-------------------+
[   18.009158] cloud-init[913]: ci-info: | Device |   Up  |          Address           |      Mask     | Scope  |     Hw-Address    |
[   18.014556] cloud-init[913]: ci-info: +--------+-------+----------------------------+---------------+--------+-------------------+
[   18.019799] cloud-init[913]: ci-info: | enp0s3 |  True |         10.0.2.15          | 255.255.255.0 | global | 02:3b:7b:b7:3b:2d |
[   18.024575] cloud-init[913]: ci-info: | enp0s3 |  True | fe80::3b:7bff:feb7:3b2d/64 |       .       |  link  | 02:3b:7b:b7:3b:2d |
[   18.029435] cloud-init[913]: ci-info: | enp0s8 | False |             .              |       .       |   .    | 08:00:27:b0:ef:4a |
[   18.034031] cloud-init[913]: ci-info: |   lo   |  True |         127.0.0.1          |   255.0.0.0   |  host  |         .         |
[   18.038798] cloud-init[913]: ci-info: |   lo   |  True |          ::1/128           |       .       |  host  |         .         |
[   18.044318] cloud-init[913]: ci-info: +--------+-------+----------------------------+---------------+--------+-------------------+
[   18.050066] cloud-init[913]: ci-info: ++++++++++++++++++++++++++++Route IPv4 info+++++++++++++++++++++++++++++
[   18.055152] cloud-init[913]: ci-info: +-------+-------------+----------+-----------------+-----------+-------+
[   18.060255] cloud-init[913]: ci-info: | Route | Destination | Gateway  |     Genmask     | Interface | Flags |
[   18.064471] cloud-init[913]: ci-info: +-------+-------------+----------+-----------------+-----------+-------+
[   18.069251] cloud-init[913]: ci-info: |   0   |   0.0.0.0   | 10.0.2.2 |     0.0.0.0     |   enp0s3  |   UG  |
[   18.075175] cloud-init[913]: ci-info: |   1   |   10.0.2.0  | 0.0.0.0  |  255.255.255.0  |   enp0s3  |   U   |
[   18.085202] cloud-init[913]: ci-info: |   2   |   10.0.2.2  | 0.0.0.0  | 255.255.255.255 |   enp0s3  |   UH  |
[   18.093800] cloud-init[913]: ci-info: +-------+-------------+----------+-----------------+-----------+-------+
[   18.102780] cloud-init[913]: ci-info: +++++++++++++++++++Route IPv6 info+++++++++++++++++++
[   18.110615] cloud-init[913]: ci-info: +-------+-------------+---------+-----------+-------+
[   18.119572] cloud-init[913]: ci-info: | Route | Destination | Gateway | Interface | Flags |
[   18.127296] cloud-init[913]: ci-info: +-------+-------------+---------+-----------+-------+
[   18.133890] cloud-init[913]: ci-info: |   1   |  fe80::/64  |    ::   |   enp0s3  |   U   |
[   18.142075] cloud-init[913]: ci-info: |   3   |    local    |    ::   |   enp0s3  |   U   |
[   18.149093] cloud-init[913]: ci-info: |   4   |   ff00::/8  |    ::   |   enp0s3  |   U   |
[   18.156684] cloud-init[913]: ci-info: +-------+-------------+---------+-----------+-------+
[   19.192574] cloud-init[913]: Generating public/private rsa key pair.
[   19.198411] cloud-init[913]: Your identification has been saved in /etc/ssh/ssh_host_rsa_key.
[   19.207438] cloud-init[913]: Your public key has been saved in /etc/ssh/ssh_host_rsa_key.pub.
[   19.218220] cloud-init[913]: The key fingerprint is:
[   19.226266] cloud-init[913]: SHA256:IKy0FBtOAZ3M3+3BKA2NAsQ8Mhp7HctQg6EP1wo5UVs root@ubuntu-bionic
[   19.235058] cloud-init[913]: The key's randomart image is:
[   19.240892] cloud-init[913]: +---[RSA 2048]----+
[   19.247407] cloud-init[913]: |BOB*Eo           |
[   19.253501] cloud-init[913]: |+XOO+..          |
[   19.258800] cloud-init[[0;32m  OK  [0m] [913]: |O+O*+*.+         |
[   19.264671] cloud-init[913]: |oO.+*.+.+        |
[   19.265327] cloud-init[913]: | .=  . .S.       |
[   19.265833] cloud-init[913]: |        .        |
[   19.266278] cloud-init[913]: |                 |
[   19.266727] cloud-init[913]: |                 |
[   19.267213] cloud-init[913]: |                 |
[   19.267688] cloud-init[913]: +----[SHA256]-----+
[   19.268955] cloud-init[913]: Generating public/private dsa key pair.
[   19.269430] cloud-init[913]: Your identification has been saved in /etc/ssh/ssh_host_dsa_key.
[   19.269940] cloud-init[913]: Your public key has been saved in /etc/ssh/ssh_host_dsa_key.pub.
[   19.270396] cloud-init[913]: The key fingerprint is:
[   19.270921] cloud-init[913]: SHA256:RVLQWWofApuJOIGH9+Dv8bFPhh1d2oZSjBI7yJbqb2o root@ubuntu-bionic
[   19.271462] cloud-init[913]: The key's randomart image is:
[   19.271913] cloud-init[913]: +---[DSA 1024]----+
[   19.272906] cloud-init[913]: |   o.   =+oo.    |
[   19.273355] cloud-init[913]: |  o ++ + Xo+     |
[   19.273815] cloud-init[913]: |   +oo* B * + .  |
[   19.274306] cloud-init[913]: |    .+.  = = *   |
[   19.274749] cloud-init[913]: |    ..  S o = o  |
[   19.275240] cloud-init[913]: |   .  o .o o .   |
[   19.275787] cloud-init[913]: |    .. o.o+      |
[   19.276943] cloud-init[913]: |    E.o oo       |
[   19.277498] cloud-init[913]: |   ..o.  ..      |
[   19.278171] cloud-init[913]: +----[SHA256]-----+
[   19.278824] cloud-init[913]: Generating public/private ecdsa key pair.
[   19.279383] cloud-init[913]: Your identification has been saved in /etc/ssh/ssh_host_ecdsa_key.
[   19.280004] cloud-init[913]: Your public key has been saved in /etc/ssh/ssh_host_ecdsa_key.pub.
[   19.281267] cloud-init[913]: The key fingerprint is:
[   19.281854] cloud-init[913]: SHA256:43g1nRIVl+ttkbhRO+ACYIytSsoARPTDhL82uwV3kWY root@ubuntu-bionic
[   19.282452] cloud-init[913]: The key's randomart image is:
[   19.283105] cloud-init[913]: +---[ECDSA 256]---+
[   19.283785] cloud-init[913]: |++..  +o.   o... |
[   19.285101] cloud-init[913]: |..+  ..o.. . o.. |
[   19.285633] cloud-init[913]: |. .+  .E  o . +.o|
[   19.286251] cloud-init[913]: |.  o..o .  + =.= |
[   19.286306] cloud-init[913]: |o o.o. .S + +.o.o|
[   19.286374] cloud-init[913]: | o =o .o o o .. o|
[   19.286422] cloud-init[913]: |  . o.. o      . |
[   19.286478] cloud-init[913]: |   ..  .         |
[   19.286553] cloud-init[913]: |   ..            |
[   19.286633] cloud-init[913]: +----[SHA256]-----+
[   19.286685] cloud-init[913]: Generating public/private ed25519 key pair.
[   19.287323] cloud-init[913]: Your identification has been saved in /etc/ssh/ssh_host_ed25519_key.
[   19.287802] cloud-init[913]: Your public key has been saved in /etc/ssh/ssh_host_ed25519_key.pub.
[   19.289014] cloud-init[913]: The key fingerprint is:
[   19.289516] cloud-init[913]: SHA256:2jqAd+kvMPceMqEsiWCIiIOQm4ROLT5RABu91CcAyqs root@ubuntu-bionic
[   19.290018] cloud-init[913]: The key's randomart image is:
[   19.290524] cloud-init[913]: +--[ED25519 256]--+
[   19.290948] cloud-init[913]: |=+o+             |
[   19.291444] cloud-init[913]: |++= o .          |
[   19.291921] cloud-init[913]: |*B o o           |
[   19.292917] cloud-init[913]: |%o=              |
[   19.293369] cloud-init[913]: |@* .  ..S        |
[   19.293840] cloud-init[913]: |+ooo=.++         |
[   19.294309] cloud-init[913]: |E o.oB+.o        |
[   19.294790] cloud-init[913]: |   .  ++..       |
[   19.295303] cloud-init[913]: |      .=o        |
[   19.295711] cloud-init[913]: +----[SHA256]-----+
Started Initial cloud-init job (metadata service crawler).
[[0;32m  OK  [0m] Reached target Network is Online.
         Starting Availability of block devices...
[[0;32m  OK  [0m] Reached target Remote File Systems (Pre).
[[0;32m  OK  [0m] Reached target Remote File Systems.
[[0;32m  OK  [0m] Reached target Cloud-config availability.
[[0;32m  OK  [0m] Reached target System Initialization.
[[0;32m  OK  [0m] Listening on Open-iSCSI iscsid Socket.
         Starting LXD - unix socket.
[[0;32m  OK  [0m] Started Ubuntu Advantage Timer for running repeated jobs.
         Starting Socket activation for snappy daemon.
[[0;32m  OK  [0m] Listening on UUID daemon activation socket.
[[0;32m  OK  [0m] Started Daily apt download activities.
[[0;32m  OK  [0m] Started Message of the Day.
[[0;32m  OK  [0m] Started Daily Cleanup of Temporary Directories.
[[0;32m  OK  [0m] Started ACPI Events Check.
[[0;32m  OK  [0m] Reached target Paths.
[[0;32m  OK  [0m] Listening on ACPID Listen Socket.
[[0;32m  OK  [0m] Started Daily apt upgrade and clean activities.
[[0;32m  OK  [0m] Listening on D-Bus System Message Bus Socket.
[[0;32m  OK  [0m] Listening on cloud-init hotplug hook socket.
[[0;32m  OK  [0m] Started Discard unused blocks once a week.
[[0;32m  OK  [0m] Reached target Timers.
[[0;32m  OK  [0m] Started Availability of block devices.
[[0;32m  OK  [0m] Listening on LXD - unix socket.
[[0;32m  OK  [0m] Listening on Socket activation for snappy daemon.
[[0;32m  OK  [0m] Reached target Sockets.
[[0;32m  OK  [0m] Reached target Basic System.
         Starting Accounts Service...
         Starting Login Service...
[[0;32m  OK  [0m] Started irqbalance daemon.
[[0;32m  OK  [0m] Started FUSE filesystem for LXC.
         Starting Dispatcher daemon for systemd-networkd...
         Starting Permit User Sessions...
[[0;32m  OK  [0m] Started Deferred execution scheduler.
         Starting Pollinate to seed the pseudo random number generator...
         Starting LSB: automatic crash report generation...
         Starting LSB: Record successful boot for GRUB...
         Starting System Logging Service...
[[0;32m  OK  [0m] Started D-Bus System Message Bus.
         Starting Virtualbox guest utils...
[[0;32m  OK  [0m] Started Regular background program processing daemon.
         Starting Snap Daemon...
[[0;32m  OK  [0m] Reached target Login Prompts (Pre).
         Starting LXD - container startup/shutdown...
[[0;32m  OK  [0m] Started System Logging Service.
[[0;32m  OK  [0m] Started Dispatcher daemon for systemd-networkd.
[[0;32m  OK  [0m] Started Permit User Sessions.
[[0;32m  OK  [0m] Started Login Service.
         Starting Authorization Manager...
[[0;32m  OK  [0m] Started Unattended Upgrades Shutdown.
         Starting Terminate Plymouth Boot Screen...
         Starting Hold until boot process finishes up...
[[0;32m  OK  [0m] Started Hold until boot process finishes up.
[[0;32m  OK  [0m] Started Serial Getty on ttyS0.
         Starting Set console scheme...
[[0;32m  OK  [0m] Started LSB: automatic crash report generation.
[[0;32m  OK  [0m] Started Terminate Plymouth Boot Screen.
[[0;32m  OK  [0m] Started Set console scheme.
[[0;32m  OK  [0m] Created slice system-getty.slice.
[[0;32m  OK  [0m] Started Getty on tty1.
[[0;32m  OK  [0m] Reached target Login Prompts.
[[0;32m  OK  [0m] Started LSB: Record successful boot for GRUB.
[[0;32m  OK  [0m] Started Authorization Manager.
[[0;32m  OK  [0m] Started Accounts Service.
[[0;32m  OK  [0m] Started Virtualbox guest utils.
[[0;32m  OK  [0m] Started LXD - container startup/shutdown.
[[0;32m  OK  [0m] Started Pollinate to seed the pseudo random number generator.
         Starting OpenBSD Secure Shell server...
[[0;32m  OK  [0m] Started OpenBSD Secure Shell server.
[[0;32m  OK  [0m] Started Snap Daemon.
         Starting Wait until snapd is fully seeded...
[[0;32m  OK  [0m] Created slice User Slice of vagrant.
         Starting User Manager for UID 1000...
[[0;32m  OK  [0m] Started Session 1 of user vagrant.
[[0;32m  OK  [0m] Started User Manager for UID 1000.
         Starting Time & Date Service...
[[0;32m  OK  [0m] Started Time & Date Service.
[[0;32m  OK  [0m] Started Wait until snapd is fully seeded.
         Starting Apply the settings specified in cloud-config...
[   26.017999] cloud-init[1566]: Cloud-init v. 23.1.2-0ubuntu0~18.04.1 running 'modules:config' at Thu, 04 Jul 2024 08:51:47 +0000. Up 25.22 seconds.

Ubuntu 18.04.6 LTS ubuntu-bionic ttyS0

ubuntu-bionic login: ci-info: no authorized SSH keys fingerprints found for user ubuntu.
<14>Jul  4 08:51:48 cloud-init: #############################################################
<14>Jul  4 08:51:48 cloud-init: -----BEGIN SSH HOST KEY FINGERPRINTS-----
<14>Jul  4 08:51:48 cloud-init: 1024 SHA256:RVLQWWofApuJOIGH9+Dv8bFPhh1d2oZSjBI7yJbqb2o root@ubuntu-bionic (DSA)
<14>Jul  4 08:51:48 cloud-init: 256 SHA256:43g1nRIVl+ttkbhRO+ACYIytSsoARPTDhL82uwV3kWY root@ubuntu-bionic (ECDSA)
<14>Jul  4 08:51:48 cloud-init: 256 SHA256:2jqAd+kvMPceMqEsiWCIiIOQm4ROLT5RABu91CcAyqs root@ubuntu-bionic (ED25519)
<14>Jul  4 08:51:48 cloud-init: 2048 SHA256:IKy0FBtOAZ3M3+3BKA2NAsQ8Mhp7HctQg6EP1wo5UVs root@ubuntu-bionic (RSA)
<14>Jul  4 08:51:48 cloud-init: -----END SSH HOST KEY FINGERPRINTS-----
<14>Jul  4 08:51:48 cloud-init: #############################################################
-----BEGIN SSH HOST KEY KEYS-----
ecdsa-sha2-nistp256 AAAAE2VjZHNhLXNoYTItbmlzdHAyNTYAAAAIbmlzdHAyNTYAAABBBDgrEBfYchG5Jekwo58xIPOAgAUcLJd+V9FXEjx8i00X7NaIDTMO8PpYrXR/kmY0n4bj89NDQ5wPPaV65ofMPQw= root@ubuntu-bionic
ssh-ed25519 AAAAC3NzaC1lZDI1NTE5AAAAIMRlG7/HQviZXjLE8oY+koReYSfRYPKs0mbqqlvrATHg root@ubuntu-bionic
ssh-rsa AAAAB3NzaC1yc2EAAAADAQABAAABAQCTRDqmq2+qb7zP8zeazewEGl79ghNT/zsBTU4laEa3PCDCn51/uFR4WnfJvxlqMp6wLWcPm3tMldIGmlXD8TQw9i9h9b18qo/3zKDZEIuUPNfu4IJrscMIqIpi0HNjoC096ckGtaJnlKauja03+Qe6pP8t2De8/SV4m9LLyrRCfM+waCGOSnpFOfO6uz4mctMDPFDLb0sP/2bqVs9EKWOIRk30fwb/ZIHeDIdFukpK8V3+9pYt72vi/JmNKUjC35hNQ18OK1UPgIT7CBU//DAzk8LCHpWXD4OvrxbrkRXAdzjTExEUQbp+uVCKdJOY6Dj+ecXonaEjxY+d6kD1MAHJ root@ubuntu-bionic
-----END SSH HOST KEY KEYS-----
[   26.887307] cloud-init[1676]: Cloud-init v. 23.1.2-0ubuntu0~18.04.1 running 'modules:final' at Thu, 04 Jul 2024 08:51:48 +0000. Up 26.64 seconds.
[   26.887424] cloud-init[1676]: Cloud-init v. 23.1.2-0ubuntu0~18.04.1 finished at Thu, 04 Jul 2024 08:51:48 +0000. Datasource DataSourceNoCloud [seed=/dev/sdb][dsmode=net].  Up 26.87 seconds
